Centinela/app/build/outputs/logs/manifest-merger-debug-report.txt
-- Merging decision tree log ---
manifest
ADDED from src/main/AndroidManifest.xml:2:1-145:12
	package
		ADDED from src/main/AndroidManifest.xml:3:5-46
		INJECTED from src/main/AndroidManifest.xml
		INJECTED from src/main/AndroidManifest.xml
	android:versionName
		ADDED from src/main/AndroidManifest.xml:5:2-29
		INJECTED from src/main/AndroidManifest.xml
		INJECTED from src/main/AndroidManifest.xml
	android:versionCode
		ADDED from src/main/AndroidManifest.xml:4:2-25
		INJECTED from src/main/AndroidManifest.xml
		INJECTED from src/main/AndroidManifest.xml
	xmlns:android
		ADDED from src/main/AndroidManifest.xml:2:11-69
uses-permission#android.permission.READ_SMS
ADDED from src/main/AndroidManifest.xml:8:5-66
	android:name
		ADDED from src/main/AndroidManifest.xml:8:22-64
uses-permission#android.permission.WRITE_SMS
ADDED from src/main/AndroidManifest.xml:9:5-67
	android:name
		ADDED from src/main/AndroidManifest.xml:9:22-65
application
ADDED from src/main/AndroidManifest.xml:12:5-143:19
MERGED from [com.android.support:appcompat-v7:23.0.1] AndroidManifest.xml:22:5-20
MERGED from [com.android.support:support-v4:23.0.1] AndroidManifest.xml:22:5-20
	android:label
		ADDED from src/main/AndroidManifest.xml:15:9-41
	android:allowBackup
		ADDED from src/main/AndroidManifest.xml:13:9-35
	android:icon
		ADDED from src/main/AndroidManifest.xml:14:9-43
	android:theme
		ADDED from src/main/AndroidManifest.xml:16:9-40
activity#com.example.imagineup.centinela.Splash
ADDED from src/main/AndroidManifest.xml:19:9-28:20
	android:label
		ADDED from src/main/AndroidManifest.xml:21:13-45
	android:theme
		ADDED from src/main/AndroidManifest.xml:22:13-69
	android:name
		ADDED from src/main/AndroidManifest.xml:20:13-35
intent-filter#android.intent.action.MAIN+android.intent.category.LAUNCHER
ADDED from src/main/AndroidManifest.xml:23:13-27:29
action#android.intent.action.MAIN
ADDED from src/main/AndroidManifest.xml:24:17-69
	android:name
		ADDED from src/main/AndroidManifest.xml:24:25-66
category#android.intent.category.LAUNCHER
ADDED from src/main/AndroidManifest.xml:26:17-77
	android:name
		ADDED from src/main/AndroidManifest.xml:26:27-74
activity#com.example.imagineup.centinela.LoginActivity
ADDED from src/main/AndroidManifest.xml:31:9-34:20
	android:label
		ADDED from src/main/AndroidManifest.xml:33:13-45
	android:name
		ADDED from src/main/AndroidManifest.xml:32:13-42
activity#com.example.imagineup.centinela.RegisterActivity
ADDED from src/main/AndroidManifest.xml:36:9-39:20
	android:label
		ADDED from src/main/AndroidManifest.xml:38:13-45
	android:name
		ADDED from src/main/AndroidManifest.xml:37:13-45
activity#com.example.imagineup.centinela.ControlActivity
ADDED from src/main/AndroidManifest.xml:41:9-44:20
	android:label
		ADDED from src/main/AndroidManifest.xml:43:13-45
	android:name
		ADDED from src/main/AndroidManifest.xml:42:13-44
activity#com.example.imagineup.centinela.BuyControlActivity
ADDED from src/main/AndroidManifest.xml:46:9-49:20
	android:label
		ADDED from src/main/AndroidManifest.xml:48:13-45
	android:name
		ADDED from src/main/AndroidManifest.xml:47:13-47
activity#com.example.imagineup.centinela.BuyActivity
ADDED from src/main/AndroidManifest.xml:51:9-54:20
	android:label
		ADDED from src/main/AndroidManifest.xml:53:13-45
	android:name
		ADDED from src/main/AndroidManifest.xml:52:13-40
activity#com.example.imagineup.centinela.EditBuy
ADDED from src/main/AndroidManifest.xml:56:9-59:20
	android:label
		ADDED from src/main/AndroidManifest.xml:58:13-45
	android:name
		ADDED from src/main/AndroidManifest.xml:57:13-36
activity#com.example.imagineup.centinela.PayControlActivity
ADDED from src/main/AndroidManifest.xml:61:9-64:20
	android:label
		ADDED from src/main/AndroidManifest.xml:63:13-45
	android:name
		ADDED from src/main/AndroidManifest.xml:62:13-47
activity#com.example.imagineup.centinela.PaymentActivity
ADDED from src/main/AndroidManifest.xml:66:9-69:20
	android:label
		ADDED from src/main/AndroidManifest.xml:68:13-45
	android:name
		ADDED from src/main/AndroidManifest.xml:67:13-44
activity#com.example.imagineup.centinela.EditPayment
ADDED from src/main/AndroidManifest.xml:71:9-74:20
	android:label
		ADDED from src/main/AndroidManifest.xml:73:13-45
	android:name
		ADDED from src/main/AndroidManifest.xml:72:13-40
activity#com.example.imagineup.centinela.CashAdvanceControlActivity
ADDED from src/main/AndroidManifest.xml:76:9-79:20
	android:label
		ADDED from src/main/AndroidManifest.xml:78:13-45
	android:name
		ADDED from src/main/AndroidManifest.xml:77:13-55
activity#com.example.imagineup.centinela.CashAdvanceActivity
ADDED from src/main/AndroidManifest.xml:81:9-84:20
	android:label
		ADDED from src/main/AndroidManifest.xml:83:13-45
	android:name
		ADDED from src/main/AndroidManifest.xml:82:13-48
activity#com.example.imagineup.centinela.EditCashAdvance
ADDED from src/main/AndroidManifest.xml:86:9-89:20
	android:label
		ADDED from src/main/AndroidManifest.xml:88:13-45
	android:name
		ADDED from src/main/AndroidManifest.xml:87:13-44
activity#com.example.imagineup.centinela.DialogActivity
ADDED from src/main/AndroidManifest.xml:91:9-95:20
	android:label
		ADDED from src/main/AndroidManifest.xml:94:13-45
	android:theme
		ADDED from src/main/AndroidManifest.xml:93:13-56
	android:name
		ADDED from src/main/AndroidManifest.xml:92:13-43
activity#com.example.imagineup.centinela.InfoCardActivity
ADDED from src/main/AndroidManifest.xml:97:9-100:20
	android:label
		ADDED from src/main/AndroidManifest.xml:99:13-45
	android:name
		ADDED from src/main/AndroidManifest.xml:98:13-45
activity#com.example.imagineup.centinela.EditProfile
ADDED from src/main/AndroidManifest.xml:102:9-105:20
	android:label
		ADDED from src/main/AndroidManifest.xml:104:13-45
	android:name
		ADDED from src/main/AndroidManifest.xml:103:13-40
activity#com.example.imagineup.centinela.EditCard
ADDED from src/main/AndroidManifest.xml:107:9-110:20
	android:label
		ADDED from src/main/AndroidManifest.xml:109:13-45
	android:name
		ADDED from src/main/AndroidManifest.xml:108:13-37
activity#com.example.imagineup.centinela.AboutTo
ADDED from src/main/AndroidManifest.xml:112:9-116:20
	android:label
		ADDED from src/main/AndroidManifest.xml:115:13-45
	android:theme
		ADDED from src/main/AndroidManifest.xml:114:13-56
	android:name
		ADDED from src/main/AndroidManifest.xml:113:13-36
activity#com.example.imagineup.centinela.ReviewCard
ADDED from src/main/AndroidManifest.xml:118:9-122:20
	android:label
		ADDED from src/main/AndroidManifest.xml:121:13-45
	android:theme
		ADDED from src/main/AndroidManifest.xml:120:13-58
	android:name
		ADDED from src/main/AndroidManifest.xml:119:13-39
activity#com.example.imagineup.centinela.SettingsActivity
ADDED from src/main/AndroidManifest.xml:124:9-128:20
	android:label
		ADDED from src/main/AndroidManifest.xml:127:13-45
	android:theme
		ADDED from src/main/AndroidManifest.xml:126:13-56
	android:name
		ADDED from src/main/AndroidManifest.xml:125:13-45
activity#com.example.imagineup.centinela.BankFeesActivity
ADDED from src/main/AndroidManifest.xml:130:9-134:20
	android:label
		ADDED from src/main/AndroidManifest.xml:133:13-45
	android:theme
		ADDED from src/main/AndroidManifest.xml:132:13-56
	android:name
		ADDED from src/main/AndroidManifest.xml:131:13-45
activity#com.example.imagineup.centinela.HelpActivity
ADDED from src/main/AndroidManifest.xml:136:9-140:20
	android:label
		ADDED from src/main/AndroidManifest.xml:139:13-45
	android:theme
		ADDED from src/main/AndroidManifest.xml:138:13-56
	android:name
		ADDED from src/main/AndroidManifest.xml:137:13-41
uses-sdk
INJECTED from src/main/AndroidManifest.xml reason: use-sdk injection requested
MERGED from [com.android.support:appcompat-v7:23.0.1] AndroidManifest.xml:20:5-43
MERGED from [com.android.support:support-v4:23.0.1] AndroidManifest.xml:20:5-43
	android:targetSdkVersion
		INJECTED from src/main/AndroidManifest.xml
		INJECTED from src/main/AndroidManifest.xml
	android:minSdkVersion
		INJECTED from src/main/AndroidManifest.xml
		INJECTED from src/main/AndroidManifest.xml